<?xml version="1.0" encoding="UTF-8"?>
<!-- Generated by org.testng.reporters.JUnitReportReporter -->
<testsuite skipped="0" hostname="DESKTOP-5CB5NKI" name="Mavenprjct.Finanace.ManyLink" tests="1" failures="0" timestamp="18 May 2018 05:56:54 GMT" time="0.007" errors="0">
  <testcase name="singleLink" time="0.007" classname="Mavenprjct.Finanace.ManyLink"/>
</testsuite> <!-- Mavenprjct.Finanace.ManyLink -->
