<?xml version="1.0" encoding="UTF-8"?>
<!-- Generated by org.testng.reporters.JUnitReportReporter -->
<testsuite skipped="0" hostname="DESKTOP-5CB5NKI" name="Mavenprjct.Finanace.TC001_LoginPage" tests="1" failures="0" timestamp="18 May 2018 07:30:52 GMT" time="4.699" errors="0">
  <testcase name="customerLogin" time="4.699" classname="Mavenprjct.Finanace.TC001_LoginPage"/>
</testsuite> <!-- Mavenprjct.Finanace.TC001_LoginPage -->
