<?xml version="1.0" encoding="UTF-8"?>
<!-- Generated by org.testng.reporters.JUnitReportReporter -->
<testsuite skipped="0" hostname="DESKTOP-5CB5NKI" name="Mavenprjct.Finanace.dropDown" tests="1" failures="0" timestamp="19 May 2018 08:12:12 GMT" time="1.467" errors="0">
  <testcase name="toPrintallOptionsInDropDown" time="1.467" classname="Mavenprjct.Finanace.dropDown"/>
</testsuite> <!-- Mavenprjct.Finanace.dropDown -->
