<?xml version="1.0" encoding="UTF-8"?>
<!-- Generated by org.testng.reporters.JUnitReportReporter -->
<testsuite skipped="3" hostname="DESKTOP-5CB5NKI" name="Mavenprjct.Finanace.FirstTestNG" tests="9" failures="0" timestamp="15 May 2018 07:41:24 GMT" time="0.030" errors="0">
  <testcase name="f" time="0.015" classname="Mavenprjct.Finanace.FirstTestNG"/>
  <testcase name="f" time="0.000" classname="Mavenprjct.Finanace.FirstTestNG"/>
  <testcase name="f" time="0.000" classname="Mavenprjct.Finanace.FirstTestNG"/>
  <testcase name="c" time="0.000" classname="Mavenprjct.Finanace.FirstTestNG"/>
  <testcase name="c" time="0.000" classname="Mavenprjct.Finanace.FirstTestNG"/>
  <testcase name="c" time="0.015" classname="Mavenprjct.Finanace.FirstTestNG"/>
  <testcase name="a" classname="Mavenprjct.Finanace.FirstTestNG">
    <skipped/>
  </testcase> <!-- a -->
  <testcase name="a" classname="Mavenprjct.Finanace.FirstTestNG">
    <skipped/>
  </testcase> <!-- a -->
  <testcase name="a" classname="Mavenprjct.Finanace.FirstTestNG">
    <skipped/>
  </testcase> <!-- a -->
</testsuite> <!-- Mavenprjct.Finanace.FirstTestNG -->
